2017-09-23 08:36:15,462 snmpsimd: Log file snmpsimd.log, rotation rules: <none>
2017-09-23 08:36:31,232 snmpsimd: Log file snmpsimd.log, rotation rules: <none>
2017-09-23 08:36:31,233 snmpsimd: Scanning "\Users\laantuvn\SNMP Simulator\Variation" directory for variation modules...
2017-09-23 08:36:32,008 snmpsimd: A total of 9 modules found in \Users\laantuvn\SNMP Simulator\Variation
2017-09-23 08:36:32,011 snmpsimd: Scanning "C:\Users\laantuvn\AppData\Roaming\SNMP Simulator\Variation" directory for variation modules...
2017-09-23 08:36:32,014 snmpsimd: Directory "C:\Users\laantuvn\AppData\Roaming\SNMP Simulator\Variation" does not exist
2017-09-23 08:36:32,018 snmpsimd: Scanning "C:\Program Files (x86)\SNMP Simulator\Variation" directory for variation modules...
2017-09-23 08:36:32,021 snmpsimd: Directory "C:\Program Files (x86)\SNMP Simulator\Variation" does not exist
2017-09-23 08:36:32,024 snmpsimd: Scanning "C:\Users\laantuvn\AppData\Local\Programs\Python\Python36-32\lib\site-packages\snmpsim\variation" directory for variation modules...
2017-09-23 08:36:32,027 snmpsimd: Directory "C:\Users\laantuvn\AppData\Local\Programs\Python\Python36-32\lib\site-packages\snmpsim\variation" does not exist
2017-09-23 08:36:32,031 snmpsimd: Initializing variation modules...
2017-09-23 08:36:32,035 snmpsimd: Variation module "delay" loaded OK
2017-09-23 08:36:32,038 snmpsimd: Variation module "error" loaded OK
2017-09-23 08:36:32,041 snmpsimd: Variation module "multiplex" loaded OK
2017-09-23 08:36:32,044 snmpsimd: Variation module "notification" loaded OK
2017-09-23 08:36:32,047 snmpsimd: Variation module "numeric" loaded OK
2017-09-23 08:36:32,051 snmpsimd: Variation module "redis" load FAILED: Redis connect parameters not specified
2017-09-23 08:36:32,054 snmpsimd: Variation module "sql" load FAILED: database type not specified
2017-09-23 08:36:32,057 snmpsimd: Variation module "subprocess" loaded OK
2017-09-23 08:36:32,060 snmpsimd: Variation module "writecache" loaded OK
2017-09-23 08:36:32,206 snmpsimd: --- SNMP Engine configuration
2017-09-23 08:36:32,209 snmpsimd: SNMPv3 EngineID: 0x80004fb805272079b8
2017-09-23 08:36:32,212 snmpsimd:   --- Data directories configuration
2017-09-23 08:36:32,215 snmpsimd:   SNMPv3 Context Engine ID: 0x80004fb805272079b8
2017-09-23 08:36:32,219 snmpsimd:   Scanning "\Users\laantuvn\SNMP Simulator\Data" directory for  *.dump, *.MVC, *.sapwalk, *.snmpwalk, *.snmprec data files...
2017-09-23 08:36:32,224 snmpsimd:     Index C:\Users\laantuvn\AppData\Local\Temp\snmpsim\_Users_laantuvn_SNMP Simulator_Data_10.20.7.174.dbm does not exist for data file \Users\laantuvn\SNMP Simulator\Data\10.20.7.174.snmprec
2017-09-23 08:36:32,370 snmpsimd:     Building index C:\Users\laantuvn\AppData\Local\Temp\snmpsim\_Users_laantuvn_SNMP Simulator_Data_10.20.7.174.dbm for data file \Users\laantuvn\SNMP Simulator\Data\10.20.7.174.snmprec (open flags "nfu")...
2017-09-23 08:36:42,683 snmpsimd:     ...2967 entries indexed
2017-09-23 08:36:42,688 snmpsimd:     Configuring \Users\laantuvn\SNMP Simulator\Data\10.20.7.174.snmprec controller
2017-09-23 08:36:42,692 snmpsimd:     SNMPv1/2c community name: 10.20.7.174
2017-09-23 08:36:42,699 snmpsimd:     SNMPv3 Context Name: 8dad0c0da5ccc7ce79123e35be43415a or 10.20.7.174
2017-09-23 08:36:42,704 snmpsimd:   Scanning "C:\Users\laantuvn\AppData\Roaming\SNMP Simulator\Data" directory for  *.dump, *.MVC, *.sapwalk, *.snmpwalk, *.snmprec data files...
2017-09-23 08:36:42,708 snmpsimd:   Directory "C:\Users\laantuvn\AppData\Roaming\SNMP Simulator\Data" does not exist
2017-09-23 08:36:42,713 snmpsimd:   Scanning "C:\Program Files (x86)\SNMP Simulator\Data" directory for  *.dump, *.MVC, *.sapwalk, *.snmpwalk, *.snmprec data files...
2017-09-23 08:36:42,717 snmpsimd:   Directory "C:\Program Files (x86)\SNMP Simulator\Data" does not exist
2017-09-23 08:36:42,720 snmpsimd:   Scanning "C:\Users\laantuvn\AppData\Local\Programs\Python\Python36-32\lib\site-packages\snmpsim\data" directory for  *.dump, *.MVC, *.sapwalk, *.snmpwalk, *.snmprec data files...
2017-09-23 08:36:42,724 snmpsimd:   Directory "C:\Users\laantuvn\AppData\Local\Programs\Python\Python36-32\lib\site-packages\snmpsim\data" does not exist
2017-09-23 08:36:42,730 snmpsimd:   --- SNMPv3 USM configuration
2017-09-23 08:36:42,794 snmpsimd:   SNMPv3 USM SecurityName: simulator
2017-09-23 08:36:42,798 snmpsimd:   SNMPv3 USM authentication key: auctoritas, authentication protocol: MD5
2017-09-23 08:36:42,802 snmpsimd:   SNMPv3 USM encryption (privacy) key: privatus, encryption protocol: DES
2017-09-23 08:36:42,806 snmpsimd:   Maximum number of variable bindings in SNMP response: 64
2017-09-23 08:36:42,810 snmpsimd:   --- Transport configuration
2017-09-23 08:36:42,814 snmpsimd:   Listening at UDP/IPv4 endpoint 127.0.0.1:161, transport ID 1.3.6.1.6.1.1.0
2017-09-23 08:40:16,189 snmpsimd: Shutting down process...
2017-09-23 08:40:16,189 snmpsimd: Shutting down variation modules:
2017-09-23 08:40:16,193 snmpsimd: Variation module "delay" shutdown OK
2017-09-23 08:40:16,196 snmpsimd: Variation module "error" shutdown OK
2017-09-23 08:40:16,200 snmpsimd: Variation module "multiplex" shutdown OK
2017-09-23 08:40:16,203 snmpsimd: Variation module "notification" shutdown OK
2017-09-23 08:40:16,207 snmpsimd: Variation module "numeric" shutdown OK
2017-09-23 08:40:16,210 snmpsimd: Variation module "redis" shutdown OK
2017-09-23 08:40:16,215 snmpsimd: Variation module "sql" shutdown OK
2017-09-23 08:40:16,219 snmpsimd: Variation module "subprocess" shutdown OK
2017-09-23 08:40:16,222 snmpsimd: Variation module "writecache" shutdown OK
2017-09-23 08:40:16,226 snmpsimd: Process terminated
2017-09-23 08:42:19,441 snmpsimd: Log file snmpsimd.log, rotation rules: <none>
2017-09-23 08:42:19,442 snmpsimd: Scanning "\Users\laantuvn\SNMP Simulator\Variation" directory for variation modules...
2017-09-23 08:42:19,547 snmpsimd: A total of 9 modules found in \Users\laantuvn\SNMP Simulator\Variation
2017-09-23 08:42:19,550 snmpsimd: Scanning "C:\Users\laantuvn\AppData\Roaming\SNMP Simulator\Variation" directory for variation modules...
2017-09-23 08:42:19,554 snmpsimd: Directory "C:\Users\laantuvn\AppData\Roaming\SNMP Simulator\Variation" does not exist
2017-09-23 08:42:19,558 snmpsimd: Scanning "C:\Program Files (x86)\SNMP Simulator\Variation" directory for variation modules...
2017-09-23 08:42:19,561 snmpsimd: Directory "C:\Program Files (x86)\SNMP Simulator\Variation" does not exist
2017-09-23 08:42:19,565 snmpsimd: Scanning "C:\Users\laantuvn\AppData\Local\Programs\Python\Python36-32\lib\site-packages\snmpsim\variation" directory for variation modules...
2017-09-23 08:42:19,569 snmpsimd: Directory "C:\Users\laantuvn\AppData\Local\Programs\Python\Python36-32\lib\site-packages\snmpsim\variation" does not exist
2017-09-23 08:42:19,573 snmpsimd: Initializing variation modules...
2017-09-23 08:42:19,578 snmpsimd: Variation module "delay" loaded OK
2017-09-23 08:42:19,582 snmpsimd: Variation module "error" loaded OK
2017-09-23 08:42:19,587 snmpsimd: Variation module "multiplex" loaded OK
2017-09-23 08:42:19,590 snmpsimd: Variation module "notification" loaded OK
2017-09-23 08:42:19,594 snmpsimd: Variation module "numeric" loaded OK
2017-09-23 08:42:19,598 snmpsimd: Variation module "redis" load FAILED: Redis connect parameters not specified
2017-09-23 08:42:19,601 snmpsimd: Variation module "sql" load FAILED: database type not specified
2017-09-23 08:42:19,605 snmpsimd: Variation module "subprocess" loaded OK
2017-09-23 08:42:19,608 snmpsimd: Variation module "writecache" loaded OK
2017-09-23 08:42:19,656 snmpsimd: --- SNMP Engine configuration
2017-09-23 08:42:19,659 snmpsimd: SNMPv3 EngineID: 0x80004fb8052f5869b8
2017-09-23 08:42:19,663 snmpsimd:   --- Data directories configuration
2017-09-23 08:42:19,666 snmpsimd:   SNMPv3 Context Engine ID: 0x80004fb8052f5869b8
2017-09-23 08:42:19,670 snmpsimd:   Scanning "\Users\laantuvn\SNMP Simulator\Data" directory for  *.dump, *.MVC, *.sapwalk, *.snmpwalk, *.snmprec data files...
2017-09-23 08:42:19,674 snmpsimd:     Index C:\Users\laantuvn\AppData\Local\Temp\snmpsim\_Users_laantuvn_SNMP Simulator_Data_10.20.7.174.dbm does not exist for data file \Users\laantuvn\SNMP Simulator\Data\10.20.7.174.snmprec
2017-09-23 08:42:19,731 snmpsimd:     Building index C:\Users\laantuvn\AppData\Local\Temp\snmpsim\_Users_laantuvn_SNMP Simulator_Data_10.20.7.174.dbm for data file \Users\laantuvn\SNMP Simulator\Data\10.20.7.174.snmprec (open flags "nfu")...
2017-09-23 08:42:30,051 snmpsimd:     ...2967 entries indexed
2017-09-23 08:42:30,052 snmpsimd:     Configuring \Users\laantuvn\SNMP Simulator\Data\10.20.7.174.snmprec controller
2017-09-23 08:42:30,056 snmpsimd:     SNMPv1/2c community name: 10.20.7.174
2017-09-23 08:42:30,063 snmpsimd:     SNMPv3 Context Name: 8dad0c0da5ccc7ce79123e35be43415a or 10.20.7.174
2017-09-23 08:42:30,066 snmpsimd:   Scanning "C:\Users\laantuvn\AppData\Roaming\SNMP Simulator\Data" directory for  *.dump, *.MVC, *.sapwalk, *.snmpwalk, *.snmprec data files...
2017-09-23 08:42:30,070 snmpsimd:   Directory "C:\Users\laantuvn\AppData\Roaming\SNMP Simulator\Data" does not exist
2017-09-23 08:42:30,074 snmpsimd:   Scanning "C:\Program Files (x86)\SNMP Simulator\Data" directory for  *.dump, *.MVC, *.sapwalk, *.snmpwalk, *.snmprec data files...
2017-09-23 08:42:30,077 snmpsimd:   Directory "C:\Program Files (x86)\SNMP Simulator\Data" does not exist
2017-09-23 08:42:30,081 snmpsimd:   Scanning "C:\Users\laantuvn\AppData\Local\Programs\Python\Python36-32\lib\site-packages\snmpsim\data" directory for  *.dump, *.MVC, *.sapwalk, *.snmpwalk, *.snmprec data files...
2017-09-23 08:42:30,084 snmpsimd:   Directory "C:\Users\laantuvn\AppData\Local\Programs\Python\Python36-32\lib\site-packages\snmpsim\data" does not exist
2017-09-23 08:42:30,090 snmpsimd:   --- SNMPv3 USM configuration
2017-09-23 08:42:30,140 snmpsimd:   SNMPv3 USM SecurityName: simulator
2017-09-23 08:42:30,144 snmpsimd:   SNMPv3 USM authentication key: auctoritas, authentication protocol: MD5
2017-09-23 08:42:30,147 snmpsimd:   SNMPv3 USM encryption (privacy) key: privatus, encryption protocol: DES
2017-09-23 08:42:30,150 snmpsimd:   Maximum number of variable bindings in SNMP response: 64
2017-09-23 08:42:30,154 snmpsimd:   --- Transport configuration
2017-09-23 08:42:30,157 snmpsimd:   Listening at UDP/IPv4 endpoint 127.0.0.1:161, transport ID 1.3.6.1.6.1.1.0
2017-09-23 08:43:49,674 snmpsimd: Shutting down process...
2017-09-23 08:43:49,678 snmpsimd: Shutting down variation modules:
2017-09-23 08:43:49,682 snmpsimd: Variation module "delay" shutdown OK
2017-09-23 08:43:49,685 snmpsimd: Variation module "error" shutdown OK
2017-09-23 08:43:49,690 snmpsimd: Variation module "multiplex" shutdown OK
2017-09-23 08:43:49,693 snmpsimd: Variation module "notification" shutdown OK
2017-09-23 08:43:49,697 snmpsimd: Variation module "numeric" shutdown OK
2017-09-23 08:43:49,701 snmpsimd: Variation module "redis" shutdown OK
2017-09-23 08:43:49,705 snmpsimd: Variation module "sql" shutdown OK
2017-09-23 08:43:49,709 snmpsimd: Variation module "subprocess" shutdown OK
2017-09-23 08:43:49,713 snmpsimd: Variation module "writecache" shutdown OK
2017-09-23 08:43:49,716 snmpsimd: Process terminated
